This is pdfTeX, Version 3.1415926-2.4-1.40.13 (MiKTeX 2.9 64-bit) (preloaded format=pdflatex 2012.8.22)  20 AUG 2014 22:47
entering extended mode
**Lamb_journal.tex
(C:\Users\penlin\Desktop\Lamb_journal\Lamb_journal.tex
LaTeX2e <2011/06/27>
Babel <v3.8m> and hyphenation patterns for english, afrikaans, ancientgreek, ar
abic, armenian, assamese, basque, bengali, bokmal, bulgarian, catalan, coptic, 
croatian, czech, danish, dutch, esperanto, estonian, farsi, finnish, french, ga
lician, german, german-x-2012-05-30, greek, gujarati, hindi, hungarian, iceland
ic, indonesian, interlingua, irish, italian, kannada, kurmanji, latin, latvian,
 lithuanian, malayalam, marathi, mongolian, mongolianlmc, monogreek, ngerman, n
german-x-2012-05-30, nynorsk, oriya, panjabi, pinyin, polish, portuguese, roman
ian, russian, sanskrit, serbian, slovak, slovenian, spanish, swedish, swissgerm
an, tamil, telugu, turkish, turkmen, ukenglish, ukrainian, uppersorbian, usengl
ishmax, welsh, loaded.
(C:\Users\penlin\Desktop\Lamb_journal\IEEEtran.cls
Document Class: IEEEtran 2012/12/27 V1.8 by Michael Shell
-- See the "IEEEtran_HOWTO" manual for usage information.
-- http://www.michaelshell.org/tex/ieeetran/
\@IEEEtrantmpdimenA=\dimen102
\@IEEEtrantmpdimenB=\dimen103
\@IEEEtrantmpcountA=\count79
\@IEEEtrantmpcountB=\count80
\@IEEEtrantmptoksA=\toks14
LaTeX Font Info:    Try loading font information for OT1+ptm on input line 368.

("C:\Program Files\MiKTeX 2.9\tex\latex\psnfss\ot1ptm.fd"
File: ot1ptm.fd 2001/06/04 font definitions for OT1/ptm.
)
-- Using 8.5in x 11in (letter) paper.
-- Using PDF output.
\@IEEEnormalsizeunitybaselineskip=\dimen104
-- This is a 10 point document.
\CLASSINFOnormalsizebaselineskip=\dimen105
\CLASSINFOnormalsizeunitybaselineskip=\dimen106
\IEEEnormaljot=\dimen107
LaTeX Font Info:    Font shape `OT1/ptm/bx/n' in size <5> not available
(Font)              Font shape `OT1/ptm/b/n' tried instead on input line 726.
LaTeX Font Info:    Font shape `OT1/ptm/bx/it' in size <5> not available
(Font)              Font shape `OT1/ptm/b/it' tried instead on input line 726.
LaTeX Font Info:    Font shape `OT1/ptm/bx/n' in size <7> not available
(Font)              Font shape `OT1/ptm/b/n' tried instead on input line 726.
LaTeX Font Info:    Font shape `OT1/ptm/bx/it' in size <7> not available
(Font)              Font shape `OT1/ptm/b/it' tried instead on input line 726.
LaTeX Font Info:    Font shape `OT1/ptm/bx/n' in size <8> not available
(Font)              Font shape `OT1/ptm/b/n' tried instead on input line 726.
LaTeX Font Info:    Font shape `OT1/ptm/bx/it' in size <8> not available
(Font)              Font shape `OT1/ptm/b/it' tried instead on input line 726.
LaTeX Font Info:    Font shape `OT1/ptm/bx/n' in size <9> not available
(Font)              Font shape `OT1/ptm/b/n' tried instead on input line 726.
LaTeX Font Info:    Font shape `OT1/ptm/bx/it' in size <9> not available
(Font)              Font shape `OT1/ptm/b/it' tried instead on input line 726.
LaTeX Font Info:    Font shape `OT1/ptm/bx/n' in size <10> not available
(Font)              Font shape `OT1/ptm/b/n' tried instead on input line 726.
LaTeX Font Info:    Font shape `OT1/ptm/bx/it' in size <10> not available
(Font)              Font shape `OT1/ptm/b/it' tried instead on input line 726.
LaTeX Font Info:    Font shape `OT1/ptm/bx/n' in size <11> not available
(Font)              Font shape `OT1/ptm/b/n' tried instead on input line 726.
LaTeX Font Info:    Font shape `OT1/ptm/bx/it' in size <11> not available
(Font)              Font shape `OT1/ptm/b/it' tried instead on input line 726.
LaTeX Font Info:    Font shape `OT1/ptm/bx/n' in size <12> not available
(Font)              Font shape `OT1/ptm/b/n' tried instead on input line 726.
LaTeX Font Info:    Font shape `OT1/ptm/bx/it' in size <12> not available
(Font)              Font shape `OT1/ptm/b/it' tried instead on input line 726.
LaTeX Font Info:    Font shape `OT1/ptm/bx/n' in size <17> not available
(Font)              Font shape `OT1/ptm/b/n' tried instead on input line 726.
LaTeX Font Info:    Font shape `OT1/ptm/bx/it' in size <17> not available
(Font)              Font shape `OT1/ptm/b/it' tried instead on input line 726.
LaTeX Font Info:    Font shape `OT1/ptm/bx/n' in size <20> not available
(Font)              Font shape `OT1/ptm/b/n' tried instead on input line 726.
LaTeX Font Info:    Font shape `OT1/ptm/bx/it' in size <20> not available
(Font)              Font shape `OT1/ptm/b/it' tried instead on input line 726.
LaTeX Font Info:    Font shape `OT1/ptm/bx/n' in size <24> not available
(Font)              Font shape `OT1/ptm/b/n' tried instead on input line 726.
LaTeX Font Info:    Font shape `OT1/ptm/bx/it' in size <24> not available
(Font)              Font shape `OT1/ptm/b/it' tried instead on input line 726.
\IEEEilabelindentA=\dimen108
\IEEEilabelindentB=\dimen109
\IEEEilabelindent=\dimen110
\IEEEelabelindent=\dimen111
\IEEEdlabelindent=\dimen112
\IEEElabelindent=\dimen113
\IEEEiednormlabelsep=\dimen114
\IEEEiedmathlabelsep=\dimen115
\IEEEiedtopsep=\skip41
\c@section=\count81
\c@subsection=\count82
\c@subsubsection=\count83
\c@paragraph=\count84
\c@IEEEsubequation=\count85
\abovecaptionskip=\skip42
\belowcaptionskip=\skip43
\c@figure=\count86
\c@table=\count87
\@IEEEeqnnumcols=\count88
\@IEEEeqncolcnt=\count89
\@IEEEsubeqnnumrollback=\count90
\@IEEEtmpitemindent=\dimen116
\c@IEEEbiography=\count91
\@IEEEtranrubishbin=\box26
) ("C:\Program Files\MiKTeX 2.9\tex\latex\cite\cite.sty"
LaTeX Info: Redefining \cite on input line 302.
LaTeX Info: Redefining \nocite on input line 373.
Package: cite 2010/09/10  v 5.3
)
("C:\Program Files\MiKTeX 2.9\tex\latex\graphics\graphicx.sty"
Package: graphicx 1999/02/16 v1.0f Enhanced LaTeX Graphics (DPC,SPQR)

("C:\Program Files\MiKTeX 2.9\tex\latex\graphics\keyval.sty"
Package: keyval 1999/03/16 v1.13 key=value parser (DPC)
\KV@toks@=\toks15
)
("C:\Program Files\MiKTeX 2.9\tex\latex\graphics\graphics.sty"
Package: graphics 2009/02/05 v1.0o Standard LaTeX Graphics (DPC,SPQR)

("C:\Program Files\MiKTeX 2.9\tex\latex\graphics\trig.sty"
Package: trig 1999/03/16 v1.09 sin cos tan (DPC)
)
("C:\Program Files\MiKTeX 2.9\tex\latex\00miktex\graphics.cfg"
File: graphics.cfg 2007/01/18 v1.5 graphics configuration of teTeX/TeXLive
)
Package graphics Info: Driver file: pdftex.def on input line 91.

("C:\Program Files\MiKTeX 2.9\tex\latex\pdftex-def\pdftex.def"
File: pdftex.def 2011/05/27 v0.06d Graphics/color for pdfTeX

("C:\Program Files\MiKTeX 2.9\tex\generic\oberdiek\infwarerr.sty"
Package: infwarerr 2010/04/08 v1.3 Providing info/warning/error messages (HO)
)
("C:\Program Files\MiKTeX 2.9\tex\generic\oberdiek\ltxcmds.sty"
Package: ltxcmds 2011/11/09 v1.22 LaTeX kernel commands for general use (HO)
)
\Gread@gobject=\count92
))
\Gin@req@height=\dimen117
\Gin@req@width=\dimen118
)
("C:\Program Files\MiKTeX 2.9\tex\latex\oberdiek\epstopdf.sty"
Package: epstopdf 2010/02/09 v2.5 Conversion with epstopdf on the fly (HO)

("C:\Program Files\MiKTeX 2.9\tex\latex\oberdiek\epstopdf-base.sty"
Package: epstopdf-base 2010/02/09 v2.5 Base part for package epstopdf

("C:\Program Files\MiKTeX 2.9\tex\latex\oberdiek\grfext.sty"
Package: grfext 2010/08/19 v1.1 Manage graphics extensions (HO)

("C:\Program Files\MiKTeX 2.9\tex\generic\oberdiek\kvdefinekeys.sty"
Package: kvdefinekeys 2011/04/07 v1.3 Define keys (HO)
))
("C:\Program Files\MiKTeX 2.9\tex\latex\oberdiek\kvoptions.sty"
Package: kvoptions 2011/06/30 v3.11 Key value format for package options (HO)

("C:\Program Files\MiKTeX 2.9\tex\generic\oberdiek\kvsetkeys.sty"
Package: kvsetkeys 2012/04/25 v1.16 Key value parser (HO)

("C:\Program Files\MiKTeX 2.9\tex\generic\oberdiek\etexcmds.sty"
Package: etexcmds 2011/02/16 v1.5 Avoid name clashes with e-TeX commands (HO)

("C:\Program Files\MiKTeX 2.9\tex\generic\oberdiek\ifluatex.sty"
Package: ifluatex 2010/03/01 v1.3 Provides the ifluatex switch (HO)
Package ifluatex Info: LuaTeX not detected.
)
Package etexcmds Info: Could not find \expanded.
(etexcmds)             That can mean that you are not using pdfTeX 1.50 or
(etexcmds)             that some package has redefined \expanded.
(etexcmds)             In the latter case, load this package earlier.
)))
("C:\Program Files\MiKTeX 2.9\tex\generic\oberdiek\pdftexcmds.sty"
Package: pdftexcmds 2011/11/29 v0.20 Utility functions of pdfTeX for LuaTeX (HO
)

("C:\Program Files\MiKTeX 2.9\tex\generic\oberdiek\ifpdf.sty"
Package: ifpdf 2011/01/30 v2.3 Provides the ifpdf switch (HO)
Package ifpdf Info: pdfTeX in PDF mode is detected.
)
Package pdftexcmds Info: LuaTeX not detected.
Package pdftexcmds Info: \pdf@primitive is available.
Package pdftexcmds Info: \pdf@ifprimitive is available.
Package pdftexcmds Info: \pdfdraftmode found.
)
Package grfext Info: Graphics extension search list:
(grfext)             [.eps]
(grfext)             \AppendGraphicsExtensions on input line 452.
)
Package grfext Info: Graphics extension search list:
(grfext)             [.eps]
(grfext)             \PrependGraphicsExtensions on input line 150.
)
("C:\Program Files\MiKTeX 2.9\tex\latex\ams\math\amsmath.sty"
Package: amsmath 2000/07/18 v2.13 AMS math features
\@mathmargin=\skip44

For additional information on amsmath, use the `?' option.
("C:\Program Files\MiKTeX 2.9\tex\latex\ams\math\amstext.sty"
Package: amstext 2000/06/29 v2.01

("C:\Program Files\MiKTeX 2.9\tex\latex\ams\math\amsgen.sty"
File: amsgen.sty 1999/11/30 v2.0
\@emptytoks=\toks16
\ex@=\dimen119
))
("C:\Program Files\MiKTeX 2.9\tex\latex\ams\math\amsbsy.sty"
Package: amsbsy 1999/11/29 v1.2d
\pmbraise@=\dimen120
)
("C:\Program Files\MiKTeX 2.9\tex\latex\ams\math\amsopn.sty"
Package: amsopn 1999/12/14 v2.01 operator names
)
\inf@bad=\count93
LaTeX Info: Redefining \frac on input line 211.
\uproot@=\count94
\leftroot@=\count95
LaTeX Info: Redefining \overline on input line 307.
\classnum@=\count96
\DOTSCASE@=\count97
LaTeX Info: Redefining \ldots on input line 379.
LaTeX Info: Redefining \dots on input line 382.
LaTeX Info: Redefining \cdots on input line 467.
\Mathstrutbox@=\box27
\strutbox@=\box28
\big@size=\dimen121
LaTeX Font Info:    Redeclaring font encoding OML on input line 567.
LaTeX Font Info:    Redeclaring font encoding OMS on input line 568.
\macc@depth=\count98
\c@MaxMatrixCols=\count99
\dotsspace@=\muskip10
\c@parentequation=\count100
\dspbrk@lvl=\count101
\tag@help=\toks17
\row@=\count102
\column@=\count103
\maxfields@=\count104
\andhelp@=\toks18
\eqnshift@=\dimen122
\alignsep@=\dimen123
\tagshift@=\dimen124
\tagwidth@=\dimen125
\totwidth@=\dimen126
\lineht@=\dimen127
\@envbody=\toks19
\multlinegap=\skip45
\multlinetaggap=\skip46
\mathdisplay@stack=\toks20
LaTeX Info: Redefining \[ on input line 2666.
LaTeX Info: Redefining \] on input line 2667.
)
("C:\Program Files\MiKTeX 2.9\tex\latex\jknappen\mathrsfs.sty"
Package: mathrsfs 1996/01/01 Math RSFS package v1.0 (jk)
\symrsfs=\mathgroup4
)
("C:\Program Files\MiKTeX 2.9\tex\latex\subfig\subfig.sty"
Package: subfig 2005/06/28 ver: 1.3 subfig package

("C:\Program Files\MiKTeX 2.9\tex\latex\caption\caption3.sty"
Package: caption3 2013/05/02 v1.6-88 caption3 kernel (AR)
Package caption3 Info: TeX engine: e-TeX on input line 57.
\captionmargin=\dimen128
\captionmargin@=\dimen129
\captionwidth=\dimen130
\caption@tempdima=\dimen131
\caption@indent=\dimen132
\caption@parindent=\dimen133
\caption@hangindent=\dimen134
Package caption Info: Unknown document class (or package),
(caption)             standard defaults will be used.
)
\c@KVtest=\count105
\sf@farskip=\skip47
\sf@captopadj=\dimen135
\sf@capskip=\skip48
\sf@nearskip=\skip49
\c@subfigure=\count106
\c@subfigure@save=\count107
\c@lofdepth=\count108
\c@subtable=\count109
\c@subtable@save=\count110
\c@lotdepth=\count111
\sf@top=\skip50
\sf@bottom=\skip51
)
("C:\Program Files\MiKTeX 2.9\tex\latex\tools\array.sty"
Package: array 2008/09/09 v2.4c Tabular extension package (FMi)
\col@sep=\dimen136
\extrarowheight=\dimen137
\NC@list=\toks21
\extratabsurround=\skip52
\backup@length=\skip53
)
("C:\Program Files\MiKTeX 2.9\tex\latex\dblfloatfix\dblfloatfix.sty"
Package: dblfloatfix 2012/12/31 v1.0a (JAW)

("C:\Program Files\MiKTeX 2.9\tex\latex\base\fixltx2e.sty"
Package: fixltx2e 2006/09/13 v1.1m fixes to LaTeX
LaTeX Info: Redefining \em on input line 420.
LaTeX Info: The control sequence `\[' is already robust on input line 471.
LaTeX Info: The control sequence `\]' is already robust on input line 472.
)
\@dblbotnum=\count112
\c@dblbotnumber=\count113
)
(C:\Users\penlin\Desktop\Lamb_journal\Lamb_journal.aux)
LaTeX Font Info:    Checking defaults for OML/cmm/m/it on input line 36.
LaTeX Font Info:    ... okay on input line 36.
LaTeX Font Info:    Checking defaults for T1/cmr/m/n on input line 36.
LaTeX Font Info:    ... okay on input line 36.
LaTeX Font Info:    Checking defaults for OT1/cmr/m/n on input line 36.
LaTeX Font Info:    ... okay on input line 36.
LaTeX Font Info:    Checking defaults for OMS/cmsy/m/n on input line 36.
LaTeX Font Info:    ... okay on input line 36.
LaTeX Font Info:    Checking defaults for OMX/cmex/m/n on input line 36.
LaTeX Font Info:    ... okay on input line 36.
LaTeX Font Info:    Checking defaults for U/cmr/m/n on input line 36.
LaTeX Font Info:    ... okay on input line 36.

("C:\Program Files\MiKTeX 2.9\tex\context\base\supp-pdf.mkii"
[Loading MPS to PDF converter (version 2006.09.02).]
\scratchcounter=\count114
\scratchdimen=\dimen138
\scratchbox=\box29
\nofMPsegments=\count115
\nofMParguments=\count116
\everyMPshowfont=\toks22
\MPscratchCnt=\count117
\MPscratchDim=\dimen139
\MPnumerator=\count118
\makeMPintoPDFobject=\count119
\everyMPtoPDFconversion=\toks23
)
Package caption Info: Begin \AtBeginDocument code.
Package caption Info: subfig package v1.3 is loaded.
Package caption Info: End \AtBeginDocument code.
 <./images/sm.pdf, id=1, 1129.21875pt x 145.29282pt>
File: ./images/sm.pdf Graphic file (type pdf)
 <use ./images/sm.pdf>
Package pdftex.def Info: ./images/sm.pdf used on input line 125.
(pdftex.def)             Requested size: 516.0pt x 66.39209pt.

[1{C:/ProgramData/MiKTeX/2.9/pdftex/config/pdftex.map}


]
LaTeX Font Info:    External font `cmex10' loaded for size
(Font)              <7> on input line 142.
LaTeX Font Info:    External font `cmex10' loaded for size
(Font)              <5> on input line 142.
LaTeX Font Info:    Try loading font information for U+rsfs on input line 142.

("C:\Program Files\MiKTeX 2.9\tex\latex\jknappen\ursfs.fd"
File: ursfs.fd 1998/03/24 rsfs font definition file (jk)
)
Package epstopdf Info: Source file: <./images/MRF_spatial.eps>
(epstopdf)                    date: 2013-06-19 14:33:18
(epstopdf)                    size: 1349996 bytes
(epstopdf)             Output file: <./images/MRF_spatial-eps-converted-to.pdf>

(epstopdf)                    date: 2013-06-19 14:41:00
(epstopdf)                    size: 351763 bytes
(epstopdf)             Command: <epstopdf --outfile=./images/MRF_spatial-eps-co
nverted-to.pdf ./images/MRF_spatial.eps>
(epstopdf)             \includegraphics on input line 162.
Package epstopdf Info: Output file is already uptodate.

<./images/MRF_spatial-eps-converted-to.pdf, id=9, 1264.725pt x 1079.03125pt>
File: ./images/MRF_spatial-eps-converted-to.pdf Graphic file (type pdf)

<use ./images/MRF_spatial-eps-converted-to.pdf>
Package pdftex.def Info: ./images/MRF_spatial-eps-converted-to.pdf used on inpu
t line 162.
(pdftex.def)             Requested size: 203.94258pt x 174.0pt.
Package epstopdf Info: Source file: <./images/MRF_temporal.eps>
(epstopdf)                    date: 2013-06-19 14:32:58
(epstopdf)                    size: 1903051 bytes
(epstopdf)             Output file: <./images/MRF_temporal-eps-converted-to.pdf
>
(epstopdf)                    date: 2013-06-19 14:41:04
(epstopdf)                    size: 368327 bytes
(epstopdf)             Command: <epstopdf --outfile=./images/MRF_temporal-eps-c
onverted-to.pdf ./images/MRF_temporal.eps>
(epstopdf)             \includegraphics on input line 163.
Package epstopdf Info: Output file is already uptodate.

<./images/MRF_temporal-eps-converted-to.pdf, id=10, 1264.725pt x 1079.03125pt>
File: ./images/MRF_temporal-eps-converted-to.pdf Graphic file (type pdf)

<use ./images/MRF_temporal-eps-converted-to.pdf>
Package pdftex.def Info: ./images/MRF_temporal-eps-converted-to.pdf used on inp
ut line 163.
(pdftex.def)             Requested size: 203.94258pt x 174.0pt.
 [2 <C:/Users/penlin/Desktop/Lamb_journal/images/sm.pdf>] [3 <C:/Users/penlin/D
esktop/Lamb_journal/images/MRF_spatial-eps-converted-to.pdf> <C:/Users/penlin/D
esktop/Lamb_journal/images/MRF_temporal-eps-converted-to.pdf>]
<./images/block_diagram_test.pdf, id=102, 1363.34344pt x 721.94719pt>
File: ./images/block_diagram_test.pdf Graphic file (type pdf)

<use ./images/block_diagram_test.pdf>
Package pdftex.def Info: ./images/block_diagram_test.pdf used on input line 321
.
(pdftex.def)             Requested size: 516.0pt x 273.24118pt.
 [4] [5 <C:/Users/penlin/Desktop/Lamb_journal/images/block_diagram_test.pdf>]
Package epstopdf Info: Source file: <./images/akiyo_f3_bp146.eps>
(epstopdf)                    date: 2013-06-26 18:48:57
(epstopdf)                    size: 41933 bytes
(epstopdf)             Output file: <./images/akiyo_f3_bp146-eps-converted-to.p
df>
(epstopdf)                    date: 2013-06-26 18:49:41
(epstopdf)                    size: 29890 bytes
(epstopdf)             Command: <epstopdf --outfile=./images/akiyo_f3_bp146-eps
-converted-to.pdf ./images/akiyo_f3_bp146.eps>
(epstopdf)             \includegraphics on input line 454.
Package epstopdf Info: Output file is already uptodate.

<./images/akiyo_f3_bp146-eps-converted-to.pdf, id=172, 561.09625pt x 439.6425pt
>
File: ./images/akiyo_f3_bp146-eps-converted-to.pdf Graphic file (type pdf)
 <use ./images/akiyo_f3_bp146-eps-converted-to.pdf>
Package pdftex.def Info: ./images/akiyo_f3_bp146-eps-converted-to.pdf used on i
nput line 454.
(pdftex.def)             Requested size: 258.0pt x 202.15079pt.
Package epstopdf Info: Source file: <./images/foreman_f3_bp146.eps>
(epstopdf)                    date: 2013-06-26 18:49:06
(epstopdf)                    size: 40907 bytes
(epstopdf)             Output file: <./images/foreman_f3_bp146-eps-converted-to
.pdf>
(epstopdf)                    date: 2013-06-26 18:49:42
(epstopdf)                    size: 28479 bytes
(epstopdf)             Command: <epstopdf --outfile=./images/foreman_f3_bp146-e
ps-converted-to.pdf ./images/foreman_f3_bp146.eps>
(epstopdf)             \includegraphics on input line 455.
Package epstopdf Info: Output file is already uptodate.

<./images/foreman_f3_bp146-eps-converted-to.pdf, id=173, 561.09625pt x 439.6425
pt>
File: ./images/foreman_f3_bp146-eps-converted-to.pdf Graphic file (type pdf)
 <use ./images/foreman_f3_bp146-eps-converted-to.pdf>
Package pdftex.def Info: ./images/foreman_f3_bp146-eps-converted-to.pdf used on
 input line 455.
(pdftex.def)             Requested size: 258.0pt x 202.15079pt.
LaTeX Font Info:    External font `cmex10' loaded for size
(Font)              <8> on input line 456.
LaTeX Font Info:    External font `cmex10' loaded for size
(Font)              <6> on input line 456.
 [6] [7 <C:/Users/penlin/Desktop/Lamb_journal/images/akiyo_f3_bp146-eps-convert
ed-to.pdf> <C:/Users/penlin/Desktop/Lamb_journal/images/foreman_f3_bp146-eps-co
nverted-to.pdf>]
Package epstopdf Info: Source file: <./images/result/akiyo.eps>
(epstopdf)                    date: 2013-06-17 16:11:56
(epstopdf)                    size: 12938 bytes
(epstopdf)             Output file: <./images/result/akiyo-eps-converted-to.pdf
>
(epstopdf)                    date: 2013-06-17 16:15:44
(epstopdf)                    size: 4958 bytes
(epstopdf)             Command: <epstopdf --outfile=./images/result/akiyo-eps-c
onverted-to.pdf ./images/result/akiyo.eps>
(epstopdf)             \includegraphics on input line 497.
Package epstopdf Info: Output file is already uptodate.

<./images/result/akiyo-eps-converted-to.pdf, id=196, 421.575pt x 317.185pt>
File: ./images/result/akiyo-eps-converted-to.pdf Graphic file (type pdf)

<use ./images/result/akiyo-eps-converted-to.pdf>
Package pdftex.def Info: ./images/result/akiyo-eps-converted-to.pdf used on inp
ut line 497.
(pdftex.def)             Requested size: 232.19843pt x 174.70395pt.
Package epstopdf Info: Source file: <./images/result/foreman.eps>
(epstopdf)                    date: 2013-06-17 16:12:39
(epstopdf)                    size: 12688 bytes
(epstopdf)             Output file: <./images/result/foreman-eps-converted-to.p
df>
(epstopdf)                    date: 2013-06-17 16:15:45
(epstopdf)                    size: 4888 bytes
(epstopdf)             Command: <epstopdf --outfile=./images/result/foreman-eps
-converted-to.pdf ./images/result/foreman.eps>
(epstopdf)             \includegraphics on input line 498.
Package epstopdf Info: Output file is already uptodate.

<./images/result/foreman-eps-converted-to.pdf, id=197, 421.575pt x 317.185pt>
File: ./images/result/foreman-eps-converted-to.pdf Graphic file (type pdf)

<use ./images/result/foreman-eps-converted-to.pdf>
Package pdftex.def Info: ./images/result/foreman-eps-converted-to.pdf used on i
nput line 498.
(pdftex.def)             Requested size: 232.19843pt x 174.70395pt.
Package epstopdf Info: Source file: <./images/result/fourpeople.eps>
(epstopdf)                    date: 2013-06-28 10:01:18
(epstopdf)                    size: 12769 bytes
(epstopdf)             Output file: <./images/result/fourpeople-eps-converted-t
o.pdf>
(epstopdf)                    date: 2013-07-23 04:09:21
(epstopdf)                    size: 4917 bytes
(epstopdf)             Command: <epstopdf --outfile=./images/result/fourpeople-
eps-converted-to.pdf ./images/result/fourpeople.eps>
(epstopdf)             \includegraphics on input line 499.
Package epstopdf Info: Output file is already uptodate.

<./images/result/fourpeople-eps-converted-to.pdf, id=198, 421.575pt x 317.185pt
>
File: ./images/result/fourpeople-eps-converted-to.pdf Graphic file (type pdf)
 <use ./images/result/fourpeople-eps-converted-to.pdf>
Package pdftex.def Info: ./images/result/fourpeople-eps-converted-to.pdf used o
n input line 499.
(pdftex.def)             Requested size: 232.19843pt x 174.70395pt.
Package epstopdf Info: Source file: <./images/result/basketballdrive.eps>
(epstopdf)                    date: 2013-06-28 11:56:13
(epstopdf)                    size: 13287 bytes
(epstopdf)             Output file: <./images/result/basketballdrive-eps-conver
ted-to.pdf>
(epstopdf)                    date: 2013-07-23 04:09:21
(epstopdf)                    size: 5052 bytes
(epstopdf)             Command: <epstopdf --outfile=./images/result/basketballd
rive-eps-converted-to.pdf ./images/result/basketballdrive.eps>
(epstopdf)             \includegraphics on input line 500.
Package epstopdf Info: Output file is already uptodate.

<./images/result/basketballdrive-eps-converted-to.pdf, id=199, 421.575pt x 317.
185pt>
File: ./images/result/basketballdrive-eps-converted-to.pdf Graphic file (type p
df)
 <use ./images/result/basketballdrive-eps-converted-to.pdf>
Package pdftex.def Info: ./images/result/basketballdrive-eps-converted-to.pdf u
sed on input line 500.
(pdftex.def)             Requested size: 232.19843pt x 174.70395pt.
 [8]
(C:\Users\penlin\Desktop\Lamb_journal\Lamb_journal.bbl [9 <C:/Users/penlin/Desk
top/Lamb_journal/images/result/akiyo-eps-converted-to.pdf> <C:/Users/penlin/Des
ktop/Lamb_journal/images/result/foreman-eps-converted-to.pdf> <C:/Users/penlin/
Desktop/Lamb_journal/images/result/fourpeople-eps-converted-to.pdf> <C:/Users/p
enlin/Desktop/Lamb_journal/images/result/basketballdrive-eps-converted-to.pdf>]
) [10

] (C:\Users\penlin\Desktop\Lamb_journal\Lamb_journal.aux) ) 
Here is how much of TeX's memory you used:
 3874 strings out of 493921
 61227 string characters out of 3147279
 129111 words of memory out of 3000000
 7094 multiletter control sequences out of 15000+200000
 43306 words of font info for 88 fonts, out of 3000000 for 9000
 844 hyphenation exceptions out of 8191
 42i,14n,47p,1678b,333s stack positions out of 5000i,500n,10000p,200000b,50000s
{C:/Program Files/Mi
KTeX 2.9/fonts/enc/dvips/fontname/8r.enc}<C:/Program Files/MiKTeX 2.9/fonts/typ
e1/public/amsfonts/cm/cmbx10.pfb><C:/Program Files/MiKTeX 2.9/fonts/type1/publi
c/amsfonts/cm/cmbx7.pfb><C:/Program Files/MiKTeX 2.9/fonts/type1/public/amsfont
s/cm/cmex10.pfb><C:/Program Files/MiKTeX 2.9/fonts/type1/public/amsfonts/cm/cmm
i10.pfb><C:/Program Files/MiKTeX 2.9/fonts/type1/public/amsfonts/cm/cmmi5.pfb><
C:/Program Files/MiKTeX 2.9/fonts/type1/public/amsfonts/cm/cmmi7.pfb><C:/Progra
m Files/MiKTeX 2.9/fonts/type1/public/amsfonts/cm/cmr10.pfb><C:/Program Files/M
iKTeX 2.9/fonts/type1/public/amsfonts/cm/cmr5.pfb><C:/Program Files/MiKTeX 2.9/
fonts/type1/public/amsfonts/cm/cmr7.pfb><C:/Program Files/MiKTeX 2.9/fonts/type
1/public/amsfonts/cm/cmr8.pfb><C:/Program Files/MiKTeX 2.9/fonts/type1/public/a
msfonts/cm/cmsy10.pfb><C:/Program Files/MiKTeX 2.9/fonts/type1/public/amsfonts/
cm/cmsy5.pfb><C:/Program Files/MiKTeX 2.9/fonts/type1/public/amsfonts/cm/cmsy7.
pfb><C:/Program Files/MiKTeX 2.9/fonts/type1/public/amsfonts/cm/cmti10.pfb><C:/
Program Files/MiKTeX 2.9/fonts/type1/urw/times/utmb8a.pfb><C:/Program Files/MiK
TeX 2.9/fonts/type1/urw/times/utmbi8a.pfb><C:/Program Files/MiKTeX 2.9/fonts/ty
pe1/urw/times/utmr8a.pfb><C:/Program Files/MiKTeX 2.9/fonts/type1/urw/times/utm
ri8a.pfb>
Output written on Lamb_journal.pdf (10 pages, 1092301 bytes).
PDF statistics:
 282 PDF objects out of 1000 (max. 8388607)
 0 named destinations out of 1000 (max. 500000)
 51 words of extra memory for PDF output out of 10000 (max. 10000000)

